2024-02-16 11:01:50.911 [HikariPool-1 housekeeper] WARN  com.zaxxer.hikari.pool.HikariPool - HikariPool-1 - Thread starvation or clock leap detected (housekeeper delta=17h31m22s292ms710µs100ns). 
2024-02-16 11:19:12.498 [http-nio-8081-exec-1] DEBUG o.s.web.servlet.DispatcherServlet - GET "/users", parameters={} 
2024-02-16 11:19:12.499 [http-nio-8081-exec-1] DEBUG o.s.w.s.m.m.a.RequestMappingHandlerMapping - Mapped to com.example.demo.controller.RegistrationController#getAllUsers() 
2024-02-16 11:19:12.504 [http-nio-8081-exec-1] DEBUG o.s.w.s.m.m.a.HttpEntityMethodProcessor - Using 'application/json', given [*/*] and supported [application/json, application/*+json] 
2024-02-16 11:19:12.505 [http-nio-8081-exec-1] DEBUG o.s.w.s.m.m.a.HttpEntityMethodProcessor - Writing [[User [id=55, username=Narendra, password=Narendra@1, company=Narendra, email=Narendra@gmail.com], U (truncated)...] 
2024-02-16 11:19:12.506 [http-nio-8081-exec-1] DEBUG o.s.web.servlet.DispatcherServlet - Completed 200 OK 
2024-02-16 11:19:12.508 [http-nio-8081-exec-4] DEBUG o.s.web.servlet.DispatcherServlet - GET "/users", parameters={} 
2024-02-16 11:19:12.508 [http-nio-8081-exec-4] DEBUG o.s.w.s.m.m.a.RequestMappingHandlerMapping - Mapped to com.example.demo.controller.RegistrationController#getAllUsers() 
2024-02-16 11:19:12.514 [http-nio-8081-exec-4] DEBUG o.s.w.s.m.m.a.HttpEntityMethodProcessor - Using 'application/json', given [*/*] and supported [application/json, application/*+json] 
2024-02-16 11:19:12.514 [http-nio-8081-exec-4] DEBUG o.s.w.s.m.m.a.HttpEntityMethodProcessor - Writing [[User [id=55, username=Narendra, password=Narendra@1, company=Narendra, email=Narendra@gmail.com], U (truncated)...] 
2024-02-16 11:19:12.515 [http-nio-8081-exec-4] DEBUG o.s.web.servlet.DispatcherServlet - Completed 200 OK 
2024-02-16 12:17:55.429 [http-nio-8081-exec-7] DEBUG o.s.web.servlet.DispatcherServlet - GET "/departments/count", parameters={} 
2024-02-16 12:17:55.429 [http-nio-8081-exec-7] DEBUG o.s.w.s.m.m.a.RequestMappingHandlerMapping - Mapped to com.example.demo.controller.DepartmentController#countEmployee() 
2024-02-16 12:17:55.432 [http-nio-8081-exec-7] INFO  c.e.demo.service.DepartmentService - A info Message 
2024-02-16 12:17:55.449 [http-nio-8081-exec-5] DEBUG o.s.web.servlet.DispatcherServlet - GET "/count", parameters={} 
2024-02-16 12:17:55.449 [http-nio-8081-exec-8] DEBUG o.s.web.servlet.DispatcherServlet - GET "/students/count", parameters={} 
2024-02-16 12:17:55.449 [http-nio-8081-exec-5] DEBUG o.s.w.s.m.m.a.RequestMappingHandlerMapping - Mapped to com.example.demo.controller.EmployeeController#countEmployee() 
2024-02-16 12:17:55.449 [http-nio-8081-exec-8] DEBUG o.s.w.s.m.m.a.RequestMappingHandlerMapping - Mapped to com.example.demo.controller.StudentController#countStudents() 
2024-02-16 12:17:55.663 [http-nio-8081-exec-5] DEBUG o.s.w.s.m.m.a.RequestResponseBodyMethodProcessor - Using 'application/json', given [*/*] and supported [application/json, application/*+json] 
2024-02-16 12:17:55.664 [http-nio-8081-exec-5] DEBUG o.s.w.s.m.m.a.RequestResponseBodyMethodProcessor - Writing [9] 
2024-02-16 12:17:55.665 [http-nio-8081-exec-5] DEBUG o.s.web.servlet.DispatcherServlet - Completed 200 OK 
2024-02-16 12:17:55.666 [http-nio-8081-exec-7] DEBUG o.s.w.s.m.m.a.RequestResponseBodyMethodProcessor - Using 'application/json', given [*/*] and supported [application/json, application/*+json] 
2024-02-16 12:17:55.666 [http-nio-8081-exec-8] DEBUG o.s.w.s.m.m.a.RequestResponseBodyMethodProcessor - Using 'application/json', given [*/*] and supported [application/json, application/*+json] 
2024-02-16 12:17:55.666 [http-nio-8081-exec-7] DEBUG o.s.w.s.m.m.a.RequestResponseBodyMethodProcessor - Writing [10] 
2024-02-16 12:17:55.666 [http-nio-8081-exec-8] DEBUG o.s.w.s.m.m.a.RequestResponseBodyMethodProcessor - Writing [3] 
2024-02-16 12:17:55.667 [http-nio-8081-exec-8] DEBUG o.s.web.servlet.DispatcherServlet - Completed 200 OK 
2024-02-16 12:17:55.667 [http-nio-8081-exec-6] DEBUG o.s.web.servlet.DispatcherServlet - GET "/count", parameters={} 
2024-02-16 12:17:55.667 [http-nio-8081-exec-7] DEBUG o.s.web.servlet.DispatcherServlet - Completed 200 OK 
2024-02-16 12:17:55.667 [http-nio-8081-exec-6] DEBUG o.s.w.s.m.m.a.RequestMappingHandlerMapping - Mapped to com.example.demo.controller.EmployeeController#countEmployee() 
2024-02-16 12:17:55.670 [http-nio-8081-exec-10] DEBUG o.s.web.servlet.DispatcherServlet - GET "/departments/count", parameters={} 
2024-02-16 12:17:55.670 [http-nio-8081-exec-10] DEBUG o.s.w.s.m.m.a.RequestMappingHandlerMapping - Mapped to com.example.demo.controller.DepartmentController#countEmployee() 
2024-02-16 12:17:55.671 [http-nio-8081-exec-10] INFO  c.e.demo.service.DepartmentService - A info Message 
2024-02-16 12:17:55.671 [http-nio-8081-exec-9] DEBUG o.s.web.servlet.DispatcherServlet - GET "/students/count", parameters={} 
2024-02-16 12:17:55.672 [http-nio-8081-exec-9] DEBUG o.s.w.s.m.m.a.RequestMappingHandlerMapping - Mapped to com.example.demo.controller.StudentController#countStudents() 
2024-02-16 12:17:55.675 [http-nio-8081-exec-6] DEBUG o.s.w.s.m.m.a.RequestResponseBodyMethodProcessor - Using 'application/json', given [*/*] and supported [application/json, application/*+json] 
2024-02-16 12:17:55.676 [http-nio-8081-exec-6] DEBUG o.s.w.s.m.m.a.RequestResponseBodyMethodProcessor - Writing [9] 
2024-02-16 12:17:55.676 [http-nio-8081-exec-10] DEBUG o.s.w.s.m.m.a.RequestResponseBodyMethodProcessor - Using 'application/json', given [*/*] and supported [application/json, application/*+json] 
2024-02-16 12:17:55.676 [http-nio-8081-exec-10] DEBUG o.s.w.s.m.m.a.RequestResponseBodyMethodProcessor - Writing [10] 
2024-02-16 12:17:55.676 [http-nio-8081-exec-6] DEBUG o.s.web.servlet.DispatcherServlet - Completed 200 OK 
2024-02-16 12:17:55.677 [http-nio-8081-exec-10] DEBUG o.s.web.servlet.DispatcherServlet - Completed 200 OK 
2024-02-16 12:17:55.678 [http-nio-8081-exec-9] DEBUG o.s.w.s.m.m.a.RequestResponseBodyMethodProcessor - Using 'application/json', given [*/*] and supported [application/json, application/*+json] 
2024-02-16 12:17:55.678 [http-nio-8081-exec-9] DEBUG o.s.w.s.m.m.a.RequestResponseBodyMethodProcessor - Writing [3] 
2024-02-16 12:17:55.679 [http-nio-8081-exec-9] DEBUG o.s.web.servlet.DispatcherServlet - Completed 200 OK 
2024-02-16 12:18:02.220 [http-nio-8081-exec-1] DEBUG o.s.web.servlet.DispatcherServlet - GET "/departments", parameters={} 
2024-02-16 12:18:02.220 [http-nio-8081-exec-1] DEBUG o.s.w.s.m.m.a.RequestMappingHandlerMapping - Mapped to com.example.demo.controller.DepartmentController#getAllDepartments() 
2024-02-16 12:18:02.226 [http-nio-8081-exec-1] DEBUG o.s.w.s.m.m.a.RequestResponseBodyMethodProcessor - Using 'application/json', given [*/*] and supported [application/json, application/*+json] 
2024-02-16 12:18:02.226 [http-nio-8081-exec-1] DEBUG o.s.w.s.m.m.a.RequestResponseBodyMethodProcessor - Writing [[Department [id=1, name=Mech], Department [id=2, name=Cse], Department [id=3, name=Civil], Departmen (truncated)...] 
2024-02-16 12:18:02.228 [http-nio-8081-exec-1] DEBUG o.s.web.servlet.DispatcherServlet - Completed 200 OK 
2024-02-16 12:18:03.257 [http-nio-8081-exec-4] DEBUG o.s.web.servlet.DispatcherServlet - GET "/employ", parameters={} 
2024-02-16 12:18:03.258 [http-nio-8081-exec-4] DEBUG o.s.w.s.m.m.a.RequestMappingHandlerMapping - Mapped to com.example.demo.controller.EmployeeController#getAllEmployees() 
2024-02-16 12:18:03.270 [http-nio-8081-exec-4] DEBUG o.s.w.s.m.m.a.RequestResponseBodyMethodProcessor - Using 'application/json', given [*/*] and supported [application/json, application/*+json] 
2024-02-16 12:18:03.270 [http-nio-8081-exec-4] DEBUG o.s.w.s.m.m.a.RequestResponseBodyMethodProcessor - Writing [[com.example.demo.model.Employee@17fea329, com.example.demo.model.Employee@347bbe04, com.example.dem (truncated)...] 
2024-02-16 12:18:03.272 [http-nio-8081-exec-4] DEBUG o.s.web.servlet.DispatcherServlet - Completed 200 OK 
2024-02-16 12:18:04.054 [http-nio-8081-exec-3] DEBUG o.s.web.servlet.DispatcherServlet - GET "/students", parameters={} 
2024-02-16 12:18:04.055 [http-nio-8081-exec-3] DEBUG o.s.w.s.m.m.a.RequestMappingHandlerMapping - Mapped to com.example.demo.controller.StudentController#getAllStudents() 
2024-02-16 12:18:04.070 [http-nio-8081-exec-3] DEBUG o.s.w.s.m.m.a.RequestResponseBodyMethodProcessor - Using 'application/json', given [*/*] and supported [application/json, application/*+json] 
2024-02-16 12:18:04.071 [http-nio-8081-exec-3] DEBUG o.s.w.s.m.m.a.RequestResponseBodyMethodProcessor - Writing [[Student [id=1, name=Student1, email=Student1@gmail.com, phone=1234567890], Student [id=2, name=Stud (truncated)...] 
2024-02-16 12:18:04.074 [http-nio-8081-exec-3] DEBUG o.s.web.servlet.DispatcherServlet - Completed 200 OK 
2024-02-16 12:18:10.678 [http-nio-8081-exec-2] DEBUG o.s.web.servlet.DispatcherServlet - GET "/departments", parameters={} 
2024-02-16 12:18:10.678 [http-nio-8081-exec-2] DEBUG o.s.w.s.m.m.a.RequestMappingHandlerMapping - Mapped to com.example.demo.controller.DepartmentController#getAllDepartments() 
2024-02-16 12:18:10.693 [http-nio-8081-exec-2] DEBUG o.s.w.s.m.m.a.RequestResponseBodyMethodProcessor - Using 'application/json', given [*/*] and supported [application/json, application/*+json] 
2024-02-16 12:18:10.693 [http-nio-8081-exec-2] DEBUG o.s.w.s.m.m.a.RequestResponseBodyMethodProcessor - Writing [[Department [id=1, name=Mech], Department [id=2, name=Cse], Department [id=3, name=Civil], Departmen (truncated)...] 
2024-02-16 12:18:10.695 [http-nio-8081-exec-2] DEBUG o.s.web.servlet.DispatcherServlet - Completed 200 OK 
2024-02-16 04:33:19.889 [RMI TCP Connection(663)-127.0.0.1] INFO  o.s.b.a.SpringApplicationAdminMXBeanRegistrar$SpringApplicationAdmin - Application shutdown requested. 
2024-02-16 04:33:19.916 [RMI TCP Connection(663)-127.0.0.1] INFO  o.a.coyote.http11.Http11NioProtocol - Pausing ProtocolHandler ["http-nio-8081"] 
2024-02-16 04:33:19.917 [RMI TCP Connection(663)-127.0.0.1] INFO  o.a.catalina.core.StandardService - Stopping service [Tomcat] 
2024-02-16 04:33:19.919 [RMI TCP Connection(663)-127.0.0.1] INFO  o.a.c.c.C.[Tomcat].[localhost].[/] - Destroying Spring FrameworkServlet 'dispatcherServlet' 
2024-02-16 04:33:19.924 [RMI TCP Connection(663)-127.0.0.1] INFO  o.a.coyote.http11.Http11NioProtocol - Stopping ProtocolHandler ["http-nio-8081"] 
2024-02-16 04:33:19.926 [RMI TCP Connection(663)-127.0.0.1] INFO  o.a.coyote.http11.Http11NioProtocol - Destroying ProtocolHandler ["http-nio-8081"] 
2024-02-16 04:33:19.959 [RMI TCP Connection(663)-127.0.0.1] INFO  o.s.o.j.LocalContainerEntityManagerFactoryBean - Closing JPA EntityManagerFactory for persistence unit 'default' 
2024-02-16 04:33:19.965 [RMI TCP Connection(663)-127.0.0.1] INFO  com.zaxxer.hikari.HikariDataSource - HikariPool-1 - Shutdown initiated... 
2024-02-16 04:33:19.972 [RMI TCP Connection(663)-127.0.0.1] INFO  com.zaxxer.hikari.HikariDataSource - HikariPool-1 - Shutdown completed. 
